<?xml version="1.0" encoding="UTF-8"?>
<testsuite xmlns:xsi="http://www.w3.org/2001/XMLSchema-instance" xsi:noNamespaceSchemaLocation="https://maven.apache.org/surefire/maven-surefire-plugin/xsd/surefire-test-report.xsd" name="framework.junit.MathUtilsTest" time="0.028" tests="1" errors="0" skipped="0" failures="1">
  <properties>
[...]
</properties>
  <testcase name="test" classname="framework.junit.MathUtilsTest" time="0.025">
    <failure message="expected: &lt;314.15926535897&gt; but was: &lt;314.1592653589793&gt;" type="org.opentest4j.AssertionFailedError"><![CDATA[org.opentest4j.AssertionFailedError: expected: <314.15926535897> but was: <314.1592653589793>
	at framework.junit.MathUtilsTest.test(MathUtilsTest.java:14)
]]></failure>
  </testcase>
</testsuite>